2025-02-20 07:21:20,783 : ERROR : main :  : KnimeBrowserView :  :  : Local storage item for key 'knime-ui-settings' couldn't be accessed
java.util.concurrent.TimeoutException
	at org.knime.ui.java.util.DesktopAPUtil.runUiEventLoopUntilValueAvailable(DesktopAPUtil.java:719)
	at org.knime.ui.java.browser.KnimeBrowserView.getLocalStorageItem(KnimeBrowserView.java:177)
	at org.knime.ui.java.browser.lifecycle.SaveState.updateUserProfileFromLocalStorage(SaveState.java:118)
	at org.knime.ui.java.browser.lifecycle.SaveState.run(SaveState.java:90)
	at org.knime.ui.java.browser.lifecycle.LifeCycle.lambda$5(LifeCycle.java:200)
	at org.knime.ui.java.browser.lifecycle.LifeCycle.doStateTransition(LifeCycle.java:246)
	at org.knime.ui.java.browser.lifecycle.LifeCycle.saveState(LifeCycle.java:200)
	at org.knime.ui.java.OnPreShutdown.onPreShutdown(OnPreShutdown.java:68)
	at org.knime.product.rcp.shutdown.PreShutdown.lambda$0(PreShutdown.java:132)
	at org.knime.product.rcp.shutdown.PreShutdown.wrapPreShutdownHook(PreShutdown.java:199)
	at org.knime.product.rcp.shutdown.PreShutdown.preShutdown(PreShutdown.java:132)
	at org.knime.product.rcp.shutdown.PreShutdown.preShutdown(PreShutdown.java:108)
	at org.knime.product.rcp.KNIMEApplicationWorkbenchAdvisor.preShutdown(KNIMEApplicationWorkbenchAdvisor.java:141)
	at org.eclipse.ui.internal.Workbench.busyClose(Workbench.java:1056)
	at org.eclipse.ui.internal.Workbench.lambda$4(Workbench.java:1409)
	at org.eclipse.swt.custom.BusyIndicator.showWhile(BusyIndicator.java:67)
	at org.eclipse.ui.internal.Workbench.close(Workbench.java:1409)
	at org.eclipse.ui.internal.Workbench.restart(Workbench.java:2576)
	at org.eclipse.equinox.internal.p2.ui.ProvisioningOperationRunner.lambda$0(ProvisioningOperationRunner.java:92)
	at org.eclipse.swt.widgets.RunnableLock.run(RunnableLock.java:40)
	at org.eclipse.swt.widgets.Synchronizer.runAsyncMessages(Synchronizer.java:132)
	at org.eclipse.swt.widgets.Display.runAsyncMessages(Display.java:5040)
	at org.eclipse.swt.widgets.Display.readAndDispatch(Display.java:4520)
	at org.eclipse.e4.ui.internal.workbench.swt.PartRenderingEngine$5.run(PartRenderingEngine.java:1151)
	at org.eclipse.core.databinding.observable.Realm.runWithDefault(Realm.java:339)
	at org.eclipse.e4.ui.internal.workbench.swt.PartRenderingEngine.run(PartRenderingEngine.java:1042)
	at org.eclipse.e4.ui.internal.workbench.E4Workbench.createAndRunUI(E4Workbench.java:152)
	at org.eclipse.ui.internal.Workbench.lambda$3(Workbench.java:639)
	at org.eclipse.core.databinding.observable.Realm.runWithDefault(Realm.java:339)
	at org.eclipse.ui.internal.Workbench.createAndRunWorkbench(Workbench.java:546)
	at org.eclipse.ui.PlatformUI.createAndRunWorkbench(PlatformUI.java:173)
	at org.knime.product.rcp.KNIMEApplication.start(KNIMEApplication.java:211)
	at org.eclipse.equinox.internal.app.EclipseAppHandle.run(EclipseAppHandle.java:208)
	at org.eclipse.core.runtime.internal.adaptor.EclipseAppLauncher.runApplication(EclipseAppLauncher.java:143)
	at org.eclipse.core.runtime.internal.adaptor.EclipseAppLauncher.start(EclipseAppLauncher.java:109)
	at org.eclipse.core.runtime.adaptor.EclipseStarter.run(EclipseStarter.java:439)
	at org.eclipse.core.runtime.adaptor.EclipseStarter.run(EclipseStarter.java:271)
	at java.base/jdk.internal.reflect.NativeMethodAccessorImpl.invoke0(Native Method)
	at java.base/jdk.internal.reflect.NativeMethodAccessorImpl.invoke(Unknown Source)
	at java.base/jdk.internal.reflect.DelegatingMethodAccessorImpl.invoke(Unknown Source)
	at java.base/java.lang.reflect.Method.invoke(Unknown Source)
	at org.eclipse.equinox.launcher.Main.invokeFramework(Main.java:651)
	at org.eclipse.equinox.launcher.Main.basicRun(Main.java:588)
	at org.eclipse.equinox.launcher.Main.run(Main.java:1459)
	at org.eclipse.equinox.launcher.Main.main(Main.java:1432)
2025-02-20 07:22:07,880 : WARN  : comm-pool-thread-1 :  : Node : CSV Reader : 3:1 : Please specify a file
2025-02-20 07:29:38,190 : WARN  : comm-pool-thread-1 :  : Node : Row Splitter : 3:5 : At least one filter criterion is needed.
