2025-02-20 10:12:48,897 : WARN  : comm-pool-thread-1 :  : Node : CSV Reader : 3:1 : Please specify a file
2025-02-20 10:18:57,160 : ERROR : main :  : CEFNodeView :  :  : ResizeObserver loop completed with undelivered notifications. (source: http://org.knime.js.pagebuilder/apWrapper.html; line: 0)
2025-02-20 10:20:01,480 : WARN  : comm-pool-thread-1 :  : Node : Rank Correlation : 3:4 : Auto configuration: Using all suitable columns (in total 16)
2025-02-20 10:22:10,548 : ERROR : main :  : KnimeBrowserView :  :  : %cerror%c RPC Client:: Error RPC request 
      background: #c0392b;
      border-radius: 0.5em;
      color: white;
      font-weight: bold;
      padding: 2px 0.5em;
      Error: No such node ID: 3:5 valid [3:2, 3:3, 3:4] (source: http://org.knime.ui.java/assets/index-CPG1Nwkw.js; line: 87)
2025-02-20 10:22:10,556 : ERROR : main :  : KnimeBrowserView :  :  : %cerror%c Unhandled rejection:: 
      background: #c0392b;
      border-radius: 0.5em;
      color: white;
      font-weight: bold;
      padding: 2px 0.5em;
      [object Object] (source: http://org.knime.ui.java/assets/index-CPG1Nwkw.js; line: 87)
2025-02-20 10:22:10,558 : ERROR : main :  : KnimeBrowserView :  :  : Uncaught (in promise) Error: No such node ID: 3:5 valid [3:2, 3:3, 3:4] (source: http://org.knime.ui.java/assets/index-CPG1Nwkw.js; line: 45)
2025-02-20 10:24:33,887 : ERROR : main :  : CEFNodeView :  :  : ResizeObserver loop completed with undelivered notifications. (source: http://org.knime.js.pagebuilder/apWrapper.html; line: 0)
2025-02-20 10:25:29,398 : ERROR : main :  : CEFNodeView :  :  : ResizeObserver loop completed with undelivered notifications. (source: http://org.knime.js.pagebuilder/apWrapper.html; line: 0)
2025-02-20 10:26:22,948 : ERROR : main :  : CEFNodeView :  :  : ResizeObserver loop completed with undelivered notifications. (source: http://org.knime.js.pagebuilder/apWrapper.html; line: 0)
2025-02-20 10:27:43,110 : ERROR : main :  : KnimeBrowserView :  :  : %cerror%c RPC Client:: Error RPC request 
      background: #c0392b;
      border-radius: 0.5em;
      color: white;
      font-weight: bold;
      padding: 2px 0.5em;
      Error: No such node ID: 3:5 valid [3:2, 3:3, 3:4] (source: http://org.knime.ui.java/assets/index-CPG1Nwkw.js; line: 87)
2025-02-20 10:27:43,115 : ERROR : main :  : KnimeBrowserView :  :  : %cerror%c Unhandled rejection:: 
      background: #c0392b;
      border-radius: 0.5em;
      color: white;
      font-weight: bold;
      padding: 2px 0.5em;
      [object Object] (source: http://org.knime.ui.java/assets/index-CPG1Nwkw.js; line: 87)
2025-02-20 10:27:43,117 : ERROR : main :  : KnimeBrowserView :  :  : Uncaught (in promise) Error: No such node ID: 3:5 valid [3:2, 3:3, 3:4] (source: http://org.knime.ui.java/assets/index-CPG1Nwkw.js; line: 45)
2025-02-20 10:27:46,388 : ERROR : main :  : CEFNodeView :  :  : ResizeObserver loop completed with undelivered notifications. (source: http://org.knime.js.pagebuilder/apWrapper.html; line: 0)
2025-02-20 10:30:18,654 : ERROR : main :  : CEFNodeView :  :  : ResizeObserver loop completed with undelivered notifications. (source: http://org.knime.js.pagebuilder/apWrapper.html; line: 0)
2025-02-20 10:32:09,733 : WARN  : comm-pool-thread-2 :  : Node : Row Filter : 3:6 : At least one filter criterion is needed.
2025-02-20 10:34:27,011 : WARN  : comm-pool-thread-2 :  : Node : Statistics View : 3:7 : The selected column "CustomerKey" does not exist in the table
2025-02-20 10:34:43,195 : ERROR : main :  : KnimeBrowserView :  :  : %cerror%c RPC Client:: Error RPC request 
      background: #c0392b;
      border-radius: 0.5em;
      color: white;
      font-weight: bold;
      padding: 2px 0.5em;
      Error: No such node ID: 3:7 valid [3:2, 3:3, 3:4, 3:5, 3:6] (source: http://org.knime.ui.java/assets/index-CPG1Nwkw.js; line: 87)
2025-02-20 10:34:43,197 : ERROR : main :  : KnimeBrowserView :  :  : %cerror%c Unhandled rejection:: 
      background: #c0392b;
      border-radius: 0.5em;
      color: white;
      font-weight: bold;
      padding: 2px 0.5em;
      [object Object] (source: http://org.knime.ui.java/assets/index-CPG1Nwkw.js; line: 87)
2025-02-20 10:34:43,200 : ERROR : main :  : KnimeBrowserView :  :  : Uncaught (in promise) Error: No such node ID: 3:7 valid [3:2, 3:3, 3:4, 3:5, 3:6] (source: http://org.knime.ui.java/assets/index-CPG1Nwkw.js; line: 45)
2025-02-20 10:35:14,924 : WARN  : comm-pool-thread-2 :  : Node : Row Filter : 3:6 : At least one filter criterion is needed.
2025-02-20 10:35:58,310 : WARN  : comm-pool-thread-2 :  : Node : Statistics View : 3:7 : The selected column "CustomerKey" does not exist in the table
2025-02-20 10:35:59,984 : WARN  : KNIME-Worker-4-Duplicate Row Filter 3:6 :  : Node : Statistics View : 3:7 : The selected column "CustomerKey" does not exist in the table
2025-02-20 10:39:09,364 : ERROR : main :  : KnimeBrowserView :  :  : %cerror%c RPC Client:: Error RPC request 
      background: #c0392b;
      border-radius: 0.5em;
      color: white;
      font-weight: bold;
      padding: 2px 0.5em;
      Error: No such node ID: 3:7 valid [3:2, 3:3, 3:4, 3:5, 3:6, 3:8] (source: http://org.knime.ui.java/assets/index-CPG1Nwkw.js; line: 87)
2025-02-20 10:39:09,366 : ERROR : main :  : KnimeBrowserView :  :  : %cerror%c Unhandled rejection:: 
      background: #c0392b;
      border-radius: 0.5em;
      color: white;
      font-weight: bold;
      padding: 2px 0.5em;
      [object Object] (source: http://org.knime.ui.java/assets/index-CPG1Nwkw.js; line: 87)
2025-02-20 10:39:09,367 : ERROR : main :  : KnimeBrowserView :  :  : Uncaught (in promise) Error: No such node ID: 3:7 valid [3:2, 3:3, 3:4, 3:5, 3:6, 3:8] (source: http://org.knime.ui.java/assets/index-CPG1Nwkw.js; line: 45)
2025-02-20 10:41:01,643 : ERROR : main :  : KnimeBrowserView :  :  : %cerror%c RPC Client:: Error RPC request 
      background: #c0392b;
      border-radius: 0.5em;
      color: white;
      font-weight: bold;
      padding: 2px 0.5em;
      Error: No such node ID: 3:9 valid [3:2, 3:3, 3:4, 3:5, 3:6, 3:8, 3:10] (source: http://org.knime.ui.java/assets/index-CPG1Nwkw.js; line: 87)
2025-02-20 10:41:01,645 : ERROR : main :  : KnimeBrowserView :  :  : %cerror%c Unhandled rejection:: 
      background: #c0392b;
      border-radius: 0.5em;
      color: white;
      font-weight: bold;
      padding: 2px 0.5em;
      [object Object] (source: http://org.knime.ui.java/assets/index-CPG1Nwkw.js; line: 87)
2025-02-20 10:41:01,646 : ERROR : main :  : KnimeBrowserView :  :  : Uncaught (in promise) Error: No such node ID: 3:9 valid [3:2, 3:3, 3:4, 3:5, 3:6, 3:8, 3:10] (source: http://org.knime.ui.java/assets/index-CPG1Nwkw.js; line: 45)
2025-02-20 10:42:09,462 : ERROR : main :  : KnimeBrowserView :  :  : %cerror%c RPC Client:: Error RPC request 
      background: #c0392b;
      border-radius: 0.5em;
      color: white;
      font-weight: bold;
      padding: 2px 0.5em;
      Error: No such node ID: 3:11 valid [3:2, 3:3, 3:4, 3:5, 3:6, 3:8, 3:10] (source: http://org.knime.ui.java/assets/index-CPG1Nwkw.js; line: 87)
2025-02-20 10:42:09,464 : ERROR : main :  : KnimeBrowserView :  :  : %cerror%c Unhandled rejection:: 
      background: #c0392b;
      border-radius: 0.5em;
      color: white;
      font-weight: bold;
      padding: 2px 0.5em;
      [object Object] (source: http://org.knime.ui.java/assets/index-CPG1Nwkw.js; line: 87)
2025-02-20 10:42:09,465 : ERROR : main :  : KnimeBrowserView :  :  : Uncaught (in promise) Error: No such node ID: 3:11 valid [3:2, 3:3, 3:4, 3:5, 3:6, 3:8, 3:10] (source: http://org.knime.ui.java/assets/index-CPG1Nwkw.js; line: 45)
2025-02-20 10:42:55,701 : ERROR : main :  : KnimeBrowserView :  :  : %cerror%c RPC Client:: Error RPC request 
      background: #c0392b;
      border-radius: 0.5em;
      color: white;
      font-weight: bold;
      padding: 2px 0.5em;
      Error: No such node ID: 3:11 valid [3:2, 3:3, 3:4, 3:5, 3:6, 3:8, 3:10, 3:12] (source: http://org.knime.ui.java/assets/index-CPG1Nwkw.js; line: 87)
2025-02-20 10:42:55,702 : ERROR : main :  : KnimeBrowserView :  :  : %cerror%c Unhandled rejection:: 
      background: #c0392b;
      border-radius: 0.5em;
      color: white;
      font-weight: bold;
      padding: 2px 0.5em;
      [object Object] (source: http://org.knime.ui.java/assets/index-CPG1Nwkw.js; line: 87)
2025-02-20 10:42:55,704 : ERROR : main :  : KnimeBrowserView :  :  : Uncaught (in promise) Error: No such node ID: 3:11 valid [3:2, 3:3, 3:4, 3:5, 3:6, 3:8, 3:10, 3:12] (source: http://org.knime.ui.java/assets/index-CPG1Nwkw.js; line: 45)
2025-02-20 10:43:05,058 : WARN  : comm-pool-thread-2 :  : Node : Date&Time Part Extractor : 3:13 : No Date&Time compatible column selected.
2025-02-20 10:43:29,284 : ERROR : comm-pool-thread-2 :  : DefaultNodeService :  :  : Invalid node settings: No empty fields allowed. Please remove to continue.
java.io.IOException: Invalid node settings: No empty fields allowed. Please remove to continue.
	at org.knime.core.webui.node.dialog.ApplyData.applyData(ApplyData.java:116)
	at org.knime.core.webui.data.ApplyDataService.applyDataWithContext(ApplyDataService.java:144)
	at org.knime.core.webui.data.ApplyDataService.applyData(ApplyDataService.java:133)
	at org.knime.core.webui.node.DataServiceManager.callApplyDataService(DataServiceManager.java:191)
	at org.knime.core.wizard.rpc.DefaultNodeService.callNodeDataService(DefaultNodeService.java:154)
	at jdk.internal.reflect.GeneratedMethodAccessor271.invoke(Unknown Source)
	at java.base/jdk.internal.reflect.DelegatingMethodAccessorImpl.invoke(Unknown Source)
	at java.base/java.lang.reflect.Method.invoke(Unknown Source)
	at com.googlecode.jsonrpc4j.JsonRpcBasicServer.invoke(JsonRpcBasicServer.java:478)
	at com.googlecode.jsonrpc4j.JsonRpcBasicServer.handleObject(JsonRpcBasicServer.java:349)
	at com.googlecode.jsonrpc4j.JsonRpcBasicServer.handleJsonNodeRequest(JsonRpcBasicServer.java:274)
	at com.googlecode.jsonrpc4j.JsonRpcBasicServer.handleRequest(JsonRpcBasicServer.java:242)
	at org.knime.core.webui.data.rpc.json.impl.JsonRpcServer.handleRequest(JsonRpcServer.java:150)
	at org.knime.core.wizard.rpc.JsonRpcFunction.call(JsonRpcFunction.java:195)
	at com.equo.comm.common.MessageHandler.processReceivedEventMessage(MessageHandler.java:131)
	at com.equo.comm.ee.provider.service.ChromiumService.receiveMessage(ChromiumService.java:98)
	at com.equo.comm.ee.provider.CommunicationManagerChromiumImpl.receiveMessage(CommunicationManagerChromiumImpl.java:48)
	at com.equo.chromium.swt.internal.spi.CommRouterHandler.handleRequest(CommRouterHandler.java:33)
	at com.equo.chromium.swt.internal.spi.CommRouterHandler.lambda$1(CommRouterHandler.java:51)
	at java.base/java.util.concurrent.ThreadPoolExecutor.runWorker(Unknown Source)
	at java.base/java.util.concurrent.ThreadPoolExecutor$Worker.run(Unknown Source)
	at java.base/java.lang.Thread.run(Unknown Source)
Caused by: org.knime.core.node.InvalidSettingsException: No empty fields allowed. Please remove to continue.
	at org.knime.time.node.extract.datetime.ExtractDateTimeFieldsNodeModel2.validateSettings(ExtractDateTimeFieldsNodeModel2.java:109)
	at org.knime.time.node.extract.datetime.ExtractDateTimeFieldsNodeModel2.validateSettings(ExtractDateTimeFieldsNodeModel2.java:1)
	at org.knime.core.webui.node.impl.WebUISimpleStreamableFunctionNodeModel.validateSettings(WebUISimpleStreamableFunctionNodeModel.java:153)
	at org.knime.core.node.Node.validateSettings(Node.java:713)
	at org.knime.core.node.Node.validateModelSettings(Node.java:685)
	at org.knime.core.node.workflow.NativeNodeContainer.performValidateSettings(NativeNodeContainer.java:1202)
	at org.knime.core.node.workflow.SingleNodeContainer.validateSettings(SingleNodeContainer.java:1173)
	at org.knime.core.node.workflow.WorkflowManager.loadNodeSettings(WorkflowManager.java:2244)
	at org.knime.core.webui.node.dialog.ApplyData.applyChange(ApplyData.java:206)
	at org.knime.core.webui.node.dialog.ApplyData.applyDataOrThrow(ApplyData.java:138)
	at org.knime.core.webui.node.dialog.ApplyData.applyData(ApplyData.java:114)
	... 21 more
2025-02-20 10:44:11,746 : WARN  : comm-pool-thread-2 :  : Node : String to Date/Time (legacy) : 3:11 : Auto-guessing first String compatible column: birthday
2025-02-20 10:44:11,746 : WARN  : comm-pool-thread-2 :  : Node : String to Date/Time (legacy) : 3:11 : No String compatible column found!
2025-02-20 10:45:28,329 : ERROR : main :  : KnimeBrowserView :  :  : %cerror%c RPC Client:: Error RPC request 
      background: #c0392b;
      border-radius: 0.5em;
      color: white;
      font-weight: bold;
      padding: 2px 0.5em;
      Error: No such node ID: 3:11 valid [3:2, 3:3, 3:4, 3:5, 3:6, 3:8, 3:10] (source: http://org.knime.ui.java/assets/index-CPG1Nwkw.js; line: 87)
2025-02-20 10:45:28,331 : ERROR : main :  : KnimeBrowserView :  :  : Uncaught (in promise) Error: No such node ID: 3:11 valid [3:2, 3:3, 3:4, 3:5, 3:6, 3:8, 3:10] (source: http://org.knime.ui.java/assets/index-CPG1Nwkw.js; line: 45)
2025-02-20 10:45:29,331 : ERROR : main :  : KnimeBrowserView :  :  : %cerror%c RPC Client:: Error RPC request 
      background: #c0392b;
      border-radius: 0.5em;
      color: white;
      font-weight: bold;
      padding: 2px 0.5em;
      Error: No such node ID: 3:11 valid [3:2, 3:3, 3:4, 3:5, 3:6, 3:8, 3:10] (source: http://org.knime.ui.java/assets/index-CPG1Nwkw.js; line: 87)
2025-02-20 10:45:33,151 : WARN  : comm-pool-thread-2 :  : Node : String Manipulation : 3:11 : No expression has been set.
