2025-03-06 15:19:16,382 : ERROR : main :  : KnimeBrowserView :  :  : %cerror%c RPC Client:: Error RPC request 
      background: #c0392b;
      border-radius: 0.5em;
      color: white;
      font-weight: bold;
      padding: 2px 0.5em;
      Error: The item with id 'root' is not a workflow group (source: http://org.knime.ui.java/assets/index-CPG1Nwkw.js; line: 87)
2025-03-06 15:19:16,402 : ERROR : main :  : KnimeBrowserView :  :  : %cerror%c RPC Client:: Error RPC request 
      background: #c0392b;
      border-radius: 0.5em;
      color: white;
      font-weight: bold;
      padding: 2px 0.5em;
      Error: The item with id 'root' is not a workflow group (source: http://org.knime.ui.java/assets/index-CPG1Nwkw.js; line: 87)
2025-03-06 15:19:16,402 : ERROR : main :  : KnimeBrowserView :  :  : %cerror%c Error trying to fetch workflow group content 
      background: #c0392b;
      border-radius: 0.5em;
      color: white;
      font-weight: bold;
      padding: 2px 0.5em;
      [object Object] (source: http://org.knime.ui.java/assets/index-CPG1Nwkw.js; line: 87)
2025-03-06 15:19:16,405 : ERROR : main :  : KnimeBrowserView :  :  : %cerror%c Error captured hook ::  
      background: #c0392b;
      border-radius: 0.5em;
      color: white;
      font-weight: bold;
      padding: 2px 0.5em;
      [object Object] (source: http://org.knime.ui.java/assets/index-CPG1Nwkw.js; line: 87)
2025-03-06 15:19:30,601 : WARN  : Thread-1070 :  : OAuthAuthenticator :  :  : Could not stop OAuth redirect listener: null
java.lang.InterruptedException
	at java.base/java.util.concurrent.locks.AbstractQueuedSynchronizer.acquireSharedInterruptibly(Unknown Source)
	at java.base/java.util.concurrent.CountDownLatch.await(Unknown Source)
	at org.eclipse.jetty.io.ManagedSelector.doStop(ManagedSelector.java:137)
	at org.eclipse.jetty.util.component.AbstractLifeCycle.stop(AbstractLifeCycle.java:132)
	at org.eclipse.jetty.util.component.ContainerLifeCycle.stop(ContainerLifeCycle.java:182)
	at org.eclipse.jetty.util.component.ContainerLifeCycle.doStop(ContainerLifeCycle.java:205)
	at org.eclipse.jetty.io.SelectorManager.doStop(SelectorManager.java:280)
	at org.eclipse.jetty.util.component.AbstractLifeCycle.stop(AbstractLifeCycle.java:132)
	at org.eclipse.jetty.util.component.ContainerLifeCycle.stop(ContainerLifeCycle.java:182)
	at org.eclipse.jetty.util.component.ContainerLifeCycle.doStop(ContainerLifeCycle.java:205)
	at org.eclipse.jetty.server.AbstractConnector.doStop(AbstractConnector.java:375)
	at org.eclipse.jetty.server.AbstractNetworkConnector.doStop(AbstractNetworkConnector.java:82)
	at org.eclipse.jetty.server.ServerConnector.doStop(ServerConnector.java:241)
	at org.eclipse.jetty.util.component.AbstractLifeCycle.stop(AbstractLifeCycle.java:132)
	at org.eclipse.jetty.server.Server.doStop(Server.java:658)
	at org.eclipse.jetty.util.component.AbstractLifeCycle.stop(AbstractLifeCycle.java:132)
	at com.knime.explorer.server.rest.OAuthAuthenticator.stopServer(OAuthAuthenticator.java:733)
	at com.knime.explorer.server.rest.OAuthAuthenticator.login(OAuthAuthenticator.java:599)
	at com.knime.explorer.server.rest.OAuthLoginDialog.lambda$0(OAuthLoginDialog.java:179)
	at java.base/java.lang.Thread.run(Unknown Source)
2025-03-06 15:19:40,207 : WARN  : Thread-1104 :  : OAuthAuthenticator :  :  : Could not stop OAuth redirect listener: null
java.lang.InterruptedException
	at java.base/java.util.concurrent.locks.AbstractQueuedSynchronizer.acquireSharedInterruptibly(Unknown Source)
	at java.base/java.util.concurrent.CountDownLatch.await(Unknown Source)
	at org.eclipse.jetty.io.ManagedSelector.doStop(ManagedSelector.java:137)
	at org.eclipse.jetty.util.component.AbstractLifeCycle.stop(AbstractLifeCycle.java:132)
	at org.eclipse.jetty.util.component.ContainerLifeCycle.stop(ContainerLifeCycle.java:182)
	at org.eclipse.jetty.util.component.ContainerLifeCycle.doStop(ContainerLifeCycle.java:205)
	at org.eclipse.jetty.io.SelectorManager.doStop(SelectorManager.java:280)
	at org.eclipse.jetty.util.component.AbstractLifeCycle.stop(AbstractLifeCycle.java:132)
	at org.eclipse.jetty.util.component.ContainerLifeCycle.stop(ContainerLifeCycle.java:182)
	at org.eclipse.jetty.util.component.ContainerLifeCycle.doStop(ContainerLifeCycle.java:205)
	at org.eclipse.jetty.server.AbstractConnector.doStop(AbstractConnector.java:375)
	at org.eclipse.jetty.server.AbstractNetworkConnector.doStop(AbstractNetworkConnector.java:82)
	at org.eclipse.jetty.server.ServerConnector.doStop(ServerConnector.java:241)
	at org.eclipse.jetty.util.component.AbstractLifeCycle.stop(AbstractLifeCycle.java:132)
	at org.eclipse.jetty.server.Server.doStop(Server.java:658)
	at org.eclipse.jetty.util.component.AbstractLifeCycle.stop(AbstractLifeCycle.java:132)
	at com.knime.explorer.server.rest.OAuthAuthenticator.stopServer(OAuthAuthenticator.java:733)
	at com.knime.explorer.server.rest.OAuthAuthenticator.login(OAuthAuthenticator.java:599)
	at com.knime.explorer.server.rest.OAuthLoginDialog.lambda$0(OAuthLoginDialog.java:179)
	at java.base/java.lang.Thread.run(Unknown Source)
2025-03-06 15:20:42,144 : ERROR : main :  : KnimeBrowserView :  :  : %cerror%c RPC Client:: Error RPC request 
      background: #c0392b;
      border-radius: 0.5em;
      color: white;
      font-weight: bold;
      padding: 2px 0.5em;
      Error: The item with id 'root' is not a workflow group (source: http://org.knime.ui.java/assets/index-CPG1Nwkw.js; line: 87)
2025-03-06 15:20:42,155 : ERROR : main :  : KnimeBrowserView :  :  : %cerror%c RPC Client:: Error RPC request 
      background: #c0392b;
      border-radius: 0.5em;
      color: white;
      font-weight: bold;
      padding: 2px 0.5em;
      Error: The item with id 'root' is not a workflow group (source: http://org.knime.ui.java/assets/index-CPG1Nwkw.js; line: 87)
2025-03-06 15:20:42,155 : ERROR : main :  : KnimeBrowserView :  :  : %cerror%c Error trying to fetch workflow group content 
      background: #c0392b;
      border-radius: 0.5em;
      color: white;
      font-weight: bold;
      padding: 2px 0.5em;
      [object Object] (source: http://org.knime.ui.java/assets/index-CPG1Nwkw.js; line: 87)
2025-03-06 15:20:42,158 : ERROR : main :  : KnimeBrowserView :  :  : %cerror%c Error captured hook ::  
      background: #c0392b;
      border-radius: 0.5em;
      color: white;
      font-weight: bold;
      padding: 2px 0.5em;
      [object Object] (source: http://org.knime.ui.java/assets/index-CPG1Nwkw.js; line: 87)
2025-03-06 15:21:37,474 : ERROR : main :  : KnimeBrowserView :  :  : %cerror%c RPC Client:: Error RPC request 
      background: #c0392b;
      border-radius: 0.5em;
      color: white;
      font-weight: bold;
      padding: 2px 0.5em;
      Error: The item with id 'root' is not a workflow group (source: http://org.knime.ui.java/assets/index-CPG1Nwkw.js; line: 87)
2025-03-06 15:21:37,475 : ERROR : main :  : KnimeBrowserView :  :  : %cerror%c Error while creating folder 
      background: #c0392b;
      border-radius: 0.5em;
      color: white;
      font-weight: bold;
      padding: 2px 0.5em;
      [object Object] (source: http://org.knime.ui.java/assets/index-CPG1Nwkw.js; line: 87)
2025-03-06 15:21:47,929 : ERROR : main :  : KnimeBrowserView :  :  : %cerror%c Desktop API:: Error response 
      background: #c0392b;
      border-radius: 0.5em;
      color: white;
      font-weight: bold;
      padding: 2px 0.5em;
      [object Object] (source: http://org.knime.ui.java/assets/index-CPG1Nwkw.js; line: 87)
2025-03-06 15:21:47,930 : ERROR : main :  : KnimeBrowserView :  :  : %cerror%c Error captured hook ::  
      background: #c0392b;
      border-radius: 0.5em;
      color: white;
      font-weight: bold;
      padding: 2px 0.5em;
      [object Object] (source: http://org.knime.ui.java/assets/index-CPG1Nwkw.js; line: 87)
2025-03-06 15:22:00,245 : ERROR : main :  : KnimeBrowserView :  :  : %cerror%c RPC Client:: Error RPC request 
      background: #c0392b;
      border-radius: 0.5em;
      color: white;
      font-weight: bold;
      padding: 2px 0.5em;
      Error: The item with id 'root' is not a workflow group (source: http://org.knime.ui.java/assets/index-CPG1Nwkw.js; line: 87)
2025-03-06 15:22:00,254 : ERROR : main :  : KnimeBrowserView :  :  : %cerror%c RPC Client:: Error RPC request 
      background: #c0392b;
      border-radius: 0.5em;
      color: white;
      font-weight: bold;
      padding: 2px 0.5em;
      Error: The item with id 'root' is not a workflow group (source: http://org.knime.ui.java/assets/index-CPG1Nwkw.js; line: 87)
2025-03-06 15:22:00,255 : ERROR : main :  : KnimeBrowserView :  :  : %cerror%c Error trying to fetch workflow group content 
      background: #c0392b;
      border-radius: 0.5em;
      color: white;
      font-weight: bold;
      padding: 2px 0.5em;
      [object Object] (source: http://org.knime.ui.java/assets/index-CPG1Nwkw.js; line: 87)
2025-03-06 15:22:00,257 : ERROR : main :  : KnimeBrowserView :  :  : %cerror%c Error captured hook ::  
      background: #c0392b;
      border-radius: 0.5em;
      color: white;
      font-weight: bold;
      padding: 2px 0.5em;
      [object Object] (source: http://org.knime.ui.java/assets/index-CPG1Nwkw.js; line: 87)
2025-03-06 15:22:02,212 : ERROR : main :  : KnimeBrowserView :  :  : %cerror%c RPC Client:: Error RPC request 
      background: #c0392b;
      border-radius: 0.5em;
      color: white;
      font-weight: bold;
      padding: 2px 0.5em;
      Error: The item with id 'root' is not a workflow group (source: http://org.knime.ui.java/assets/index-CPG1Nwkw.js; line: 87)
2025-03-06 15:22:02,227 : ERROR : main :  : KnimeBrowserView :  :  : %cerror%c RPC Client:: Error RPC request 
      background: #c0392b;
      border-radius: 0.5em;
      color: white;
      font-weight: bold;
      padding: 2px 0.5em;
      Error: The item with id 'root' is not a workflow group (source: http://org.knime.ui.java/assets/index-CPG1Nwkw.js; line: 87)
2025-03-06 15:22:02,227 : ERROR : main :  : KnimeBrowserView :  :  : %cerror%c Error trying to fetch workflow group content 
      background: #c0392b;
      border-radius: 0.5em;
      color: white;
      font-weight: bold;
      padding: 2px 0.5em;
      [object Object] (source: http://org.knime.ui.java/assets/index-CPG1Nwkw.js; line: 87)
2025-03-06 15:22:02,228 : ERROR : main :  : KnimeBrowserView :  :  : %cerror%c Error captured hook ::  
      background: #c0392b;
      border-radius: 0.5em;
      color: white;
      font-weight: bold;
      padding: 2px 0.5em;
      [object Object] (source: http://org.knime.ui.java/assets/index-CPG1Nwkw.js; line: 87)
2025-03-06 15:22:04,134 : ERROR : main :  : KnimeBrowserView :  :  : %cerror%c RPC Client:: Error RPC request 
      background: #c0392b;
      border-radius: 0.5em;
      color: white;
      font-weight: bold;
      padding: 2px 0.5em;
      Error: The item with id 'root' is not a workflow group (source: http://org.knime.ui.java/assets/index-CPG1Nwkw.js; line: 87)
2025-03-06 15:22:04,151 : ERROR : main :  : KnimeBrowserView :  :  : %cerror%c RPC Client:: Error RPC request 
      background: #c0392b;
      border-radius: 0.5em;
      color: white;
      font-weight: bold;
      padding: 2px 0.5em;
      Error: The item with id 'root' is not a workflow group (source: http://org.knime.ui.java/assets/index-CPG1Nwkw.js; line: 87)
2025-03-06 15:22:04,152 : ERROR : main :  : KnimeBrowserView :  :  : %cerror%c Error trying to fetch workflow group content 
      background: #c0392b;
      border-radius: 0.5em;
      color: white;
      font-weight: bold;
      padding: 2px 0.5em;
      [object Object] (source: http://org.knime.ui.java/assets/index-CPG1Nwkw.js; line: 87)
2025-03-06 15:22:04,153 : ERROR : main :  : KnimeBrowserView :  :  : %cerror%c Error captured hook ::  
      background: #c0392b;
      border-radius: 0.5em;
      color: white;
      font-weight: bold;
      padding: 2px 0.5em;
      [object Object] (source: http://org.knime.ui.java/assets/index-CPG1Nwkw.js; line: 87)
2025-03-06 15:22:05,250 : ERROR : main :  : KnimeBrowserView :  :  : %cerror%c RPC Client:: Error RPC request 
      background: #c0392b;
      border-radius: 0.5em;
      color: white;
      font-weight: bold;
      padding: 2px 0.5em;
      Error: The item with id 'root' is not a workflow group (source: http://org.knime.ui.java/assets/index-CPG1Nwkw.js; line: 87)
2025-03-06 15:22:05,260 : ERROR : main :  : KnimeBrowserView :  :  : %cerror%c RPC Client:: Error RPC request 
      background: #c0392b;
      border-radius: 0.5em;
      color: white;
      font-weight: bold;
      padding: 2px 0.5em;
      Error: The item with id 'root' is not a workflow group (source: http://org.knime.ui.java/assets/index-CPG1Nwkw.js; line: 87)
2025-03-06 15:22:05,260 : ERROR : main :  : KnimeBrowserView :  :  : %cerror%c Error trying to fetch workflow group content 
      background: #c0392b;
      border-radius: 0.5em;
      color: white;
      font-weight: bold;
      padding: 2px 0.5em;
      [object Object] (source: http://org.knime.ui.java/assets/index-CPG1Nwkw.js; line: 87)
2025-03-06 15:22:05,262 : ERROR : main :  : KnimeBrowserView :  :  : %cerror%c Error captured hook ::  
      background: #c0392b;
      border-radius: 0.5em;
      color: white;
      font-weight: bold;
      padding: 2px 0.5em;
      [object Object] (source: http://org.knime.ui.java/assets/index-CPG1Nwkw.js; line: 87)
2025-03-06 15:23:45,354 : WARN  : ModalContext :  : Node : Color Manager : 3:2 : Column "income" has no nominal values set: execute predecessor or add Binner.
2025-03-06 15:23:45,356 : WARN  : ModalContext :  : Node : Color Manager : 3:2 : Column "income" has no nominal values set: execute predecessor or add Binner.
2025-03-06 15:25:56,414 : ERROR : main :  : KnimeBrowserView :  :  : %cerror%c Error captured hook ::  
      background: #c0392b;
      border-radius: 0.5em;
      color: white;
      font-weight: bold;
      padding: 2px 0.5em;
      [object Object] (source: http://org.knime.ui.java/assets/index-CPG1Nwkw.js; line: 87)
